<?xml version="1.0" encoding="UTF-8"?>
<testsuite name="model.LenderTest" tests="5" skipped="0" failures="0" errors="0" timestamp="2021-01-27T17:20:43" hostname="LTUS120094" time="0.002">
  <properties/>
  <testcase name="getAvailableFunds_returnsAvailableFundsForLender_zeroAmount" classname="model.LenderTest" time="0.0"/>
  <testcase name="processLoan_putsQualifiedLoanOnHold" classname="model.LenderTest" time="0.0"/>
  <testcase name="addDepositAmmount" classname="model.LenderTest" time="0.0"/>
  <testcase name="processLoan_successefullyProccessesQualifiedLoan" classname="model.LenderTest" time="0.0"/>
  <testcase name="processLoan_throwsExceptionIfProcessingDeniedLoan" classname="model.LenderTest" time="0.0"/>
  <system-out><![CDATA[]]></system-out>
  <system-err><![CDATA[]]></system-err>
</testsuite>
