<?xml version="1.0" encoding="UTF-8"?>
<testsuite name="model.LenderTest" tests="1" skipped="0" failures="0" errors="0" timestamp="2021-01-27T19:15:04" hostname="LTUS120094" time="0.016">
  <properties/>
  <testcase name="getLoansByStatus_returnsLoansOfSelectedStatus" classname="model.LenderTest" time="0.016"/>
  <system-out><![CDATA[]]></system-out>
  <system-err><![CDATA[]]></system-err>
</testsuite>
