<?xml version="1.0" encoding="UTF-8"?>
<testsuite name="model.LenderTest" tests="1" skipped="0" failures="0" errors="0" timestamp="2021-01-27T18:47:15" hostname="LTUS120094" time="0.05">
  <properties/>
  <testcase name="checkForExpiredLoans_removesLoanFromList_andSendsAmountFromPendingBackToAvailable" classname="model.LenderTest" time="0.05"/>
  <system-out><![CDATA[]]></system-out>
  <system-err><![CDATA[]]></system-err>
</testsuite>
